106.251841
345471.825007
5531263.950912
6615971.186417
3008948.153283
6147912.584795
3120390.677479
1994821.183103
4457700.967827
4268248.676695
6530531.917867
4442841.964601
1307592.283896
1203579.261313
7046882.279974
958405.708083
6593682.681578
1578769.092772
1066133.481472
520065.112913
1233297.267766
4624864.754121
6935439.755778
5178362.624293
442055.345976
850677.934694
6329935.374315
6530531.917867
5349241.161393
5196936.378325
1991106.432296
2124837.461331
3257836.457320
178308.038713
1582483.843579
2370011.014561
352901.326620
3974783.362979
4825461.297673
5505260.695267
3447288.748453
1125569.494376
6207348.597699
1467326.568576
1151572.750022
4249674.922662
1218438.264539
6445092.649317
286035.812102
1523047.830674
6459951.652543
2396014.270207
2808351.609731
2102548.956492
6645689.192869
6229637.102539
620363.384689
516350.362107
4045363.628303
7121177.296104
746664.912111
6459951.652543
4721448.275090
3633026.288779
2994089.150057
4357402.696051
3614452.534747
2362581.512948
5687283.484786
3670173.796844
6307646.869476
1705070.620194
6147912.584795
5471827.938008
334327.572587
1140428.497602
2511171.545209
835818.931468
4472559.971053
2700623.836342
5453254.183975
5809870.261401
765238.666144
4572858.242829
2399729.021014
5133785.614614
4806887.543640
3146393.933125
5746719.497691
2462879.784725
1188720.258087
3153823.434738
3588449.279101
5835873.517047
6110765.076730
5646421.225914
5345526.410586
6794279.225130
2147125.966170
3302413.466999
