yxyxyxyxyxyxyxyxyxyxyxyxyxyxyxyxyxyxyxyxyxyxyxyxyxyxyxyxyxyxyxyxyxyxyxyxyxyxyxyxyxyxyxyxyxyxyxyxyxyxyxyxyxyxyxyxyxyxyxyxyxyxyxyxyxyxyxyxyxyxyxyxyxyxyxyxyxyxyxyxyxyxyxyxyxyxyxyxyxyxyxyxyxyxyxyxyxyxyxyxyxyxyxyxyxyxyxyxyxyxyxyxyxyxyxyxyxyxyxyxyxyxyxyxyxyxyxyxyxyxyxyxyxyxyxyxyxyxyxyxyxyxyxyxyxyxyxyxyxyxyxyxyxyxyxyxyxyxyxyxyxyx
yxyxyxyxyxyxyxyxyxyxyxyxyxyxyxyxyxyxyxyxyxyxyxyxyxyxyxyxyxyxyxyxyxyxyxyxyxyxyxyxyxyxyxyxyxyxyxyxyxyxyxyxyxyxyxyxyxyxyxyxyxyxyxyxyxyxyxyxyxyxyxyxyxyxyxyxyxyxyxyxyxyxyxyxyxyxyxyxyxyxyxyxyxyxyxyxyxyxyxyxyxyxyxyxyxyxyxyxyxyxyxyxyxyxyxyxyxyxyxyxyxyxyxyxyxyxyxyxyxyxyxyxyxyxyxyxyxyxyxyxyxyxyxyxyxyxyxyxyxyxyxyxyxyxyxyxyxyxyxyxyxyx
MMMMMMMMyxyxyxyxyxyxyxyxyxyxyxyxyxyxyxMMMMMMMMyxyxyxyxyxyxyxyxyxyxyxyxyxyxyxyxyxyxyxyxyxyxyxyxyxyxyxyxyxyxyxyxyxyxyxyxyxyxyxyxyxyxyxyxyxyxyxyxyxyxyxyxyxyxyxyxyxyxyxyxyxyxyxyxyxyxyxyxyxyxyxyxyxyxyxyxyxyxyxyxyxyxyxyxyxyxyxyxyxyxyxyxyxyxyxyxyxyxyxyxyxyxyxyxyxyxyxyxyxyxyxyxyxyxyxyxyxyxyxyxyxyxyxyxyxyxyxyxyxyxyx
M:::::::MyxyxyxyxyxyxyxyxyxyxyxyxyxM:::::::Myxyxyxyxyxyxyxyxyxyxyxyxyxyxyxyxyxyxyxyxyxyxyxyxyxyxyxyxyxyxyxyxyxyxyxyxyxyxyxyxyxyxyxyxyxyxyxyxyxyxyxyxyxyxyxyxyxyxyxyxyxyxyxyxyxyxyxyxyxyxyxyxyxyxyxyxyxyxyxyxyxyxyxyxyxyxyxyxyxyxyxyxyxyxyxyxyxyxyxyxyxyxyxyxyxyxyxyxyxyxyxyxyxyxyxyxyxyxyxyxyxyxyxyxyxyxyxyxyxyxyx
M::::::::MyxyxyxyxyxyxyxyxyxyxyxM::::::::Myxyxyxyxyxyxyxyxyxyxyxyxyxyxyxyxyxyxyxyxyxyxyxyxyxyxyxyxyxyxyxyxyxyxyxyxyxyxyxyxyxyxyxyxyxyxyxyxyxyxyxyxyxyxyxyxyxyxyxyxyxyxyxyxyxyxyxyxyxyxyxyxyxyxyxyxyxyxyxyxyxyxyxyxyxyxyxyxyxyxyxyxyxyxyxyxyxyxyxyxyxyxyxyxyxyxyxyxyxyxyxyxyxyxyxyxyxyxyxyxyxyxyxyxyxyxyxyxyxyxyx
M:::::::::MyxyxyxyxyxyxyxyxyxM:::::::::Myxyxyxyxyxyxyxyxyxyxyxyxyxyxyxyxyxyxyxyxyxyxyxyxyxyxyxyxyxyxyxyxyxyxyxyxyxyxyxyxyxyxyxyxyxyxyxyxyxyxyxyxyxyxyxyxyxyxyxyxyxyxyxyxyxyxyxyxyxyxyxyxyxyxyxyxyxyxyxyxyxyxyxyxyxyxyxyxyxyxyxyxyxyxyxyxyxyxyxyxyxyxyxyxyxyxyxyxyxyxyxyxyxyxyxyxyxyxyxyxyxyxyxyxyxyxyxyxyxyxyx
M::::::::::MyxyxyxyxyxyxyxM::::::::::Myxyxyxoooooooooooyxyxyxrrrrryxyxyxrrrrrrrrryxyxyxyxyxyxoooooooooooyxyxyxyxyxyxyxccccccccccccccccyxyxyxyxccccccccccccccccyxyxyxoooooooooooyxyxyxyxyxyxyxyxyxyxyxyxyxyxyxyxyxyxyxyxyxyxyx
M:::::::::::MyxyxyxyxyxM:::::::::::Myxoo:::::::::::ooyxr::::rrr:::::::::ryxyxyxoo:::::::::::ooyxyxyxcc:::::::::::::::cyxyxcc:::::::::::::::cyxoo:::::::::::ooyxyxyxyxyxyxyxyxyxyxyxyxyxyxyxyxyxyxyxyxyx
M:::::::M::::MyxyxyxM::::M:::::::Mo:::::::::::::::or:::::::::::::::::ryxo:::::::::::::::oyxc:::::::::::::::::cyxc:::::::::::::::::co:::::::::::::::oyxyxyxyxyxyxyxyxyxyxyxyxyxyxyxyxyxyxyxyx
M::::::MyxM::::MyxM::::MyxM::::::Mo:::::ooooo:::::orr::::::rrrrr::::::ro:::::ooooo:::::oc:::::::cccccc:::::cc:::::::cccccc:::::co:::::ooooo:::::oyxyxyxyxyxyxyxyxyxyxyxyxyxyxyxyxyxyxyxyx
M::::::MyxyxM::::M::::MyxyxM::::::Mo::::oyxyxyxyxyxo::::oyxr:::::ryxyxyxyxyxr:::::ro::::oyxyxyxyxyxo::::oc::::::cyxyxyxyxyxcccccccc::::::cyxyxyxyxyxccccccco::::oyxyxyxyxyxo::::oyxyxyxyxyxyxyxyxyxyxyxyxyxyxyxyxyxyxyxyx
M::::::MyxyxyxM:::::::MyxyxyxM::::::Mo::::oyxyxyxyxyxo::::oyxr:::::ryxyxyxyxyxrrrrrrro::::oyxyxyxyxyxo::::oc:::::cyxyxyxyxyxyxyxyxyxyxyxyxyxc:::::cyxyxyxyxyxyxyxyxyxyxyxyxyxo::::oyxyxyxyxyxo::::oyxyxyxyxyxyxyxyxyxyxyxyxyxyxyxyxyxyxyxyx
M::::::MyxyxyxyxM:::::MyxyxyxyxM::::::Mo::::oyxyxyxyxyxo::::oyxr:::::ryxyxyxyxyxyxyxyxyxyxyxyxo::::oyxyxyxyxyxo::::oc:::::cyxyxyxyxyxyxyxyxyxyxyxyxyxc:::::cyxyxyxyxyxyxyxyxyxyxyxyxyxo::::oyxyxyxyxyxo::::oyxyxyxyxyxyxyxyxyxyxyxyxyxyxyxyxyxyxyxyx
M::::::MyxyxyxyxyxMMMMMyxyxyxyxyxM::::::Mo::::oyxyxyxyxyxo::::oyxr:::::ryxyxyxyxyxyxyxyxyxyxyxyxo::::oyxyxyxyxyxo::::oc::::::cyxyxyxyxyxcccccccc::::::cyxyxyxyxyxccccccco::::oyxyxyxyxyxo::::oyxyxyxyxyxyxyxyxyxyxyxyxyxyxyxyxyxyxyxyx
M::::::MyxyxyxyxyxyxyxyxyxyxyxyxyxyxyxM::::::Mo:::::ooooo:::::oyxr:::::ryxyxyxyxyxyxyxyxyxyxyxyxo:::::ooooo:::::oc:::::::cccccc:::::cc:::::::cccccc:::::co:::::ooooo:::::oyxyxyxyxyxyxyxyxyxyxyxyxyxyxyxyxyxyxyxyx
M::::::MyxyxyxyxyxyxyxyxyxyxyxyxyxyxyxM::::::Mo:::::::::::::::oyxr:::::ryxyxyxyxyxyxyxyxyxyxyxyxo:::::::::::::::oyxc:::::::::::::::::cyxc:::::::::::::::::co:::::::::::::::oyxyxyxyxyxyxyxyxyxyxyxyxyxyxyxyxyxyxyxyx
M::::::MyxyxyxyxyxyxyxyxyxyxyxyxyxyxyxM::::::Myxoo:::::::::::ooyxyxr:::::ryxyxyxyxyxyxyxyxyxyxyxyxyxoo:::::::::::ooyxyxyxcc:::::::::::::::cyxyxcc:::::::::::::::cyxoo:::::::::::ooyxyxyxyxyxyxyxyxyxyxyxyxyxyxyxyxyxyxyxyxyx
MMMMMMMMyxyxyxyxyxyxyxyxyxyxyxyxyxyxyxMMMMMMMMyxyxyxoooooooooooyxyxyxyxrrrrrrryxyxyxyxyxyxyxyxyxyxyxyxyxyxyxoooooooooooyxyxyxyxyxyxyxccccccccccccccccyxyxyxyxccccccccccccccccyxyxyxoooooooooooyxyxyxyxyxyxyxyxyxyxyxyxyxyxyxyxyxyxyxyxyxyxyx
yxyxyxyxyxyxyxyxyxyxJJJJJJJJJJJNNNNNNNNyxyxyxyxyxyxyxyxNNNNNNNNyxyxyxyxyxyxyxyxyxyxJJJJJJJJJJJDDDDDDDDDDDDDyxyxyxyxyxyxyxyxyxyxyxyxyxyx222222222222222yxyxyxyxyxyxyxyxyx000000000yxyxyxyxyxyxyx1111111yxyxyxyxyxyxyxyxyxyxyx66666666yxyxyx
yxyxyxyxyxyxyxyxyxyxJ:::::::::JN:::::::NyxyxyxyxyxyxyxN::::::NyxyxyxyxyxyxyxyxyxyxJ:::::::::JD::::::::::::DDDyxyxyxyxyxyxyxyxyxyx2:::::::::::::::22yxyxyxyxyx00:::::::::00yxyxyxyx1::::::1yxyxyxyxyxyxyxyxyxyx6::::::6yxyxyxyx
yxyxyxyxyxyxyxyxyxyxJ:::::::::JN::::::::NyxyxyxyxyxyxN::::::NyxyxyxyxyxyxyxyxyxyxJ:::::::::JD:::::::::::::::DDyxyxyxyxyxyxyxyx2::::::222222:::::2yxyx00:::::::::::::00yx1:::::::1yxyxyxyxyxyxyxyxyx6::::::6yxyxyxyxyx
yxyxyxyxyxyxyxyxyxyxJJ:::::::JJN:::::::::NyxyxyxyxyxN::::::NyxyxyxyxyxyxyxyxyxyxJJ:::::::JJDDD:::::DDDDD:::::Dyxyxyxyxyxyxyx2222222yxyxyxyxyx2:::::2yx0:::::::000:::::::0111:::::1yxyxyxyxyxyxyxyx6::::::6yxyxyxyxyxyx
yxyxyxyxyxyxyxyxyxyxyxyxJ:::::JyxyxN::::::::::NyxyxyxyxN::::::NyxyxyxyxyxyxyxyxyxyxyxyxJ:::::JyxyxyxyxD:::::DyxyxyxyxD:::::Dyxyxyxyxyxyxyxyxyxyxyxyxyxyxyxyxyxyx2:::::2yx0::::::0yxyxyx0::::::0yxyxyx1::::1yxyxyxyxyxyxyx6::::::6yxyxyxyxyxyxyx
yxyxyxyxyxyxyxyxyxyxyxyxJ:::::JyxyxN:::::::::::NyxyxyxN::::::NyxyxyxyxyxyxyxyxyxyxyxyxJ:::::JyxyxyxyxD:::::DyxyxyxyxyxD:::::Dyxyxyxyxyxyxyxyxyxyxyxyxyxyxyxyxyx2:::::2yx0:::::0yxyxyxyxyx0:::::0yxyxyx1::::1yxyxyxyxyxyx6::::::6yxyxyxyxyxyxyxyx
yxyxyxyxyxyxyxyxyxyxyxyxJ:::::JyxyxN:::::::N::::NyxyxN::::::NyxyxyxyxyxyxyxyxyxyxyxyxJ:::::JyxyxyxyxD:::::DyxyxyxyxyxD:::::Dyxyxyxyxyxyxyxyxyxyxyxyxyxyx2222::::2yxyx0:::::0yxyxyxyxyx0:::::0yxyxyx1::::1yxyxyxyxyx6::::::6yxyxyxyxyxyxyxyxyx
yxyxyxyxyxyxyxyxyxyxyxyxJ:::::jyxyxN::::::NyxN::::NyxN::::::NyxyxyxyxyxyxyxyxyxyxyxyxJ:::::jyxyxyxyxD:::::DyxyxyxyxyxD:::::Dyxyxyxyxyxyxyxyxyx22222::::::22yxyxyx0:::::0yx000yx0:::::0yxyxyx1::::lyxyxyxyx6::::::::66666yxyxyxyx
yxyxyxyxyxyxyxyxyxyxyxyxJ:::::JyxyxN::::::NyxyxN::::N:::::::NyxyxyxyxyxyxyxyxyxyxyxyxJ:::::JyxyxyxyxD:::::DyxyxyxyxyxD:::::Dyxyxyxyxyxyxyx22::::::::222yxyxyxyxyx0:::::0yx000yx0:::::0yxyxyx1::::lyxyxyx6::::::::::::::66yxyx
JJJJJJJyxyxyxyxyxJ:::::JyxyxN::::::NyxyxyxN:::::::::::NJJJJJJJyxyxyxyxyxJ:::::JyxyxyxyxD:::::DyxyxyxyxyxD:::::Dyxyxyxyxyxyx2:::::22222yxyxyxyxyxyxyxyx0:::::0yxyxyxyxyx0:::::0yxyxyx1::::lyxyxyx6::::::66666:::::6yx
J:::::JyxyxyxyxyxJ:::::JyxyxN::::::NyxyxyxyxN::::::::::NJ:::::JyxyxyxyxyxJ:::::JyxyxyxyxD:::::DyxyxyxyxyxD:::::Dyxyxyxyxyx2:::::2yxyxyxyxyxyxyxyxyxyxyxyxyx0:::::0yxyxyxyxyx0:::::0yxyxyx1::::lyxyxyx6:::::6yxyxyxyxyx6:::::6
J::::::JyxyxyxJ::::::JyxyxN::::::NyxyxyxyxyxN:::::::::NJ::::::JyxyxyxJ::::::JyxyxyxyxD:::::DyxyxyxyxD:::::Dyxyxyxyxyxyx2:::::2yxyxyxyxyxyxyxyxyxyxyxyxyx0::::::0yxyxyx0::::::0yxyxyx1::::lyxyxyx6:::::6yxyxyxyxyx6:::::6
J:::::::JJJ:::::::JyxyxN::::::NyxyxyxyxyxyxN::::::::NJ:::::::JJJ:::::::JyxyxDDD:::::DDDDD:::::Dyxyxyxyxyxyxyx2:::::2yxyxyxyxyxyxyx2222220:::::::000:::::::0111::::::1116::::::66666::::::6
yxJJ:::::::::::::JJyxyxyxN::::::NyxyxyxyxyxyxyxN:::::::NyxJJ:::::::::::::JJyxyxyxD:::::::::::::::DDyxyxyxyxyxyxyxyx2::::::2222222:::::2yx00:::::::::::::00yx1::::::::::1yx66:::::::::::::66yx
yxyxyxJJ:::::::::JJyxyxyxyxyxN::::::NyxyxyxyxyxyxyxyxN::::::NyxyxyxJJ:::::::::JJyxyxyxyxyxD::::::::::::DDDyxyxyxyxyxyxyxyxyxyx2::::::::::::::::::2yxyxyx00:::::::::00yxyxyx1::::::::::1yxyxyx66:::::::::66yxyxyx
yxyxyxyxyxJJJJJJJJJyxyxyxyxyxyxyxNNNNNNNNyxyxyxyxyxyxyxyxyxNNNNNNNyxyxyxyxyxJJJJJJJJJyxyxyxyxyxyxyxDDDDDDDDDDDDDyxyxyxyxyxyxyxyxyxyxyxyxyx22222222222222222222yxyxyxyxyx000000000yxyxyxyxyx111111111111yxyxyxyxyx666666666yxyxyxyxyx
yxyxyxSSSSSSSSSSSSSSSyxyxyxyxyxyxyxyxyxyxyxyxyxyxyxyxyxyxyxyxyxyxyxyxyxyxyxyxyxyxyxyxyxyxyxyxyxyxyxyxyxyxyxyxyxyxyxyxyxyxyxyxyxyxyxyxyxyxyxiiiiyxyxyxyxyxffffffffffffffffyxyxyxyxyxyxyxyxyxyxyxyxyxyxyxyxyxyxyxyxyxyxyxyxyxyxyxyxyxyxyxyxyxyxyxyxyxyxyxyxyxyxyxyxyxyxyxyxyxyxyxyxyxyxyxyxyxyxyxyx
yxSS:::::::::::::::Syxyxyxyxyxyxyxyxyxyxyxyxyxyxyxyxyxyxyxyxyxyxyxyxyxyxyxyxyxyxyxyxyxyxyxyxyxyxyxyxyxyxyxyxyxyxyxyxyxyxyxyxyxyxyxyxyxi::::iyxyxyxf::::::::::::::::fyxyxyxyxyxyxyxyxyxyxyxyxyxyxyxyxyxyxyxyxyxyxyxyxyxyxyxyxyxyxyxyxyxyxyxyxyxyxyxyxyxyxyxyxyxyxyxyxyxyxyxyxyxyxyxyxyxyxyx
S:::::SSSSSS::::::Syxyxyxyxyxyxyxyxyxyxyxyxyxyxyxyxyxyxyxyxyxyxyxyxyxyxyxyxyxyxyxyxyxyxyxyxyxyxyxyxyxyxyxyxyxyxyxyxyxyxyxyxyxyxyxyxyxyxiiiiyxyxyxf::::::::::::::::::fyxyxyxyxyxyxyxyxyxyxyxyxyxyxyxyxyxyxyxyxyxyxyxyxyxyxyxyxyxyxyxyxyxyxyxyxyxyxyxyxyxyxyxyxyxyxyxyxyxyxyxyxyxyxyxyxyxyx
S:::::SyxyxyxyxyxSSSSSSSyxyxyxyxyxyxyxyxyxyxyxyxyxyxyxyxyxyxyxyxyxyxyxyxyxyxyxyxyxyxyxyxyxyxyxyxyxyxyxyxyxyxyxyxyxyxyxyxyxyxyxyxyxyxyxyxyxyxyxyxyxyxyxyxyxf::::::fffffff:::::fyxyxyxyxyxyxyxyxyxyxyxyxyxyxyxyxyxyxyxyxyxyxyxyxyxyxyxyxyxyxyxyxyxyxyxyxyxyxyxyxyxyxyxyxyxyxyxyxyxyxyxyxyxyxyxyxyxyx
S:::::Syxyxyxyxyxyxyxyxyxyxyxyxyxyxyxyxccccccccccccccccyxyxyxoooooooooooyxyxyxrrrrryxyxyxrrrrrrrrryxyxiiiiiiiyxyxf:::::fyxyxyxyxyxyxyxffffffxyxyxyxyxyxyxyyxyxyxyxyxyxyxyxyxyxyxxyxyxyxyxyxyxyyxyxyxyxyxyxyxyxyxyxyxyxyxyxyxyxyxyxyxyxyxyxyxyxyxyxyxyxyxyxyxyxyx
S:::::Syxyxyxyxyxyxyxyxyxyxyxyxyxyxcc:::::::::::::::cyxoo:::::::::::ooyxr::::rrr:::::::::ryxi:::::iyxyxf:::::fyxyxyxyxyxyxyxyxyxyxyxyxyxyxxy:::::xyyxyxyxyxyxyxyxyxyxxy:::::xyyxyxyxyxyxyxyxyxyxyxyxyxyxyxyxyxyxyxyxyxyxyxyxyxyxyxyxyxyxyxyxyxyxyx
yxS::::SSSSyxyxyxyxyxyxyxyxyxyxc:::::::::::::::::co:::::::::::::::or:::::::::::::::::ryxi::::iyxf:::::::ffffffyxyxyxyxyxyxyxyxyxxy:::::xyyxyxyxyxyxyxyxxy:::::xyyxyxyxyxyxyxyxyxyxyxyxyxyxyxyxyxyxyxyxyxyxyxyxyxyxyxyxyxyxyxyxyxyxyxyx
yxyxSS::::::SSSSSyxyxyxyxc:::::::cccccc:::::co:::::ooooo:::::orr::::::rrrrr::::::ri::::iyxf::::::::::::fyxyxyxyxyxyxyxyxyxyxxy:::::xyyxyxyxyxyxxy:::::xyyxyxyxyxyxyxyxyxyxyxyxyxyxyxyxyxyxyxyxyxyxyxyxyxyxyxyxyxyxyxyxyxyxyxyxyx
yxyxyxyxSSS::::::::SSyxyxc::::::cyxyxyxyxyxccccccco::::oyxyxyxyxyxo::::oyxr:::::ryxyxyxyxyxr:::::ri::::iyxf::::::::::::fyxyxyxyxyxyxyxyxyxyxyxxy:::::xyyxyxyxxy:::::xyyxyxyxyxyxyxyxyxyxyxyxyxyxyxyxyxyxyxyxyxyxyxyxyxyxyxyxyxyxyxyxyxyxyxyxyxyx
yxyxyxyxyxyxyxSSSSSS::::Syxc:::::cyxyxyxyxyxyxyxyxyxyxyxyxyxo::::oyxyxyxyxyxo::::oyxr:::::ryxyxyxyxyxrrrrrrri::::iyxf:::::::ffffffyxyxyxyxyxyxyxyxyxyxyxyxxy:::::xyyxxy:::::xyyxyxyxyxyxyxyxyxyxyxyxyxyxyxyxyxyxyxyxyxyxyxyxyxyxyxyxyxyxyxyxyxyxyxyxyxyxyx
yxyxyxyxyxyxyxyxyxyxyxyxS:::::Sc:::::cyxyxyxyxyxyxyxyxyxyxyxyxyxo::::oyxyxyxyxyxo::::oyxr:::::ryxyxyxyxyxyxyxyxyxyxyxyxi::::iyxyxf:::::fyxyxyxyxyxyxyxyxyxyxyxyxyxyxyxyxyxyxyxxy:::::xy:::::xyyxyxyxyxyxyxyxyxyxyxyxyxyxyxyxyxyxyxyxyxyxyxyxyxyxyxyxyxyxyxyxyxyxyxyxyxyxyxyx
yxyxyxyxyxyxyxyxyxyxyxyxS:::::Sc::::::cyxyxyxyxyxccccccco::::oyxyxyxyxyxo::::oyxr:::::ryxyxyxyxyxyxyxyxyxyxyxyxi::::iyxyxf:::::fyxyxyxyxyxyxyxyxyxyxyxyxyxyxyxyxyxyxyxyxxy:::::::::xyyxyxyxyxyxyxyxyxyxyxyxyxyxyxyxyxyxyxyxyxyxyxyxyxyxyxyxyxyxyxyxyxyxyxyxyxyxyxyxyx
SSSSSSSyxyxyxyxyxS:::::Sc:::::::cccccc:::::co:::::ooooo:::::oyxr:::::ryxyxyxyxyxyxyxyxyxyxyxi::::::if:::::::fyxyxyxyxyxyxyxyxyxyxyxyxyxyxyxyxyxyxyxyxxy:::::::xyyxyxyxyxyxyxyxyxyxyxyxyxyxyxyxyxyxyxyxyxyxyxyxyxyxyxyxyxyxyxyxyxyxyxyxyxyxyxyxyxyx
S::::::SSSSSS:::::Syxc:::::::::::::::::co:::::::::::::::oyxr:::::ryxyxyxyxyxyxyxyxyxyxyxi::::::if:::::::fyxyxyxyxyxyxyxyxyxyxyxyxyxyxyxyxyxyxyxyxyxxy:::::xyyxyxyxyxyxyxyxyxyxyxyxyxyxyxyxyxyxyxyxyxyxyxyxyxyxyxyxyxyxyxyxyxyxyxyxyxyxyxyxyxyxyx
S:::::::::::::::SSyxyxyxcc:::::::::::::::cyxoo:::::::::::ooyxyxr:::::ryxyxyxyxyxyxyxyxyxyxyxi::::::if:::::::fyxyxyxyxyxyxyxyxyxyxyxyxyxyxyxyxyxyxyxyxxy:::::xyyxyxyxyxyxyxyxyxyxyxyxyxyxyxyxyxyxyxyxyxyxyxyxyxyxyxyxyxyxyxyxyxyxyxyxyxyxyxyxyxyxyxyx
yxSSSSSSSSSSSSSSSyxyxyxyxyxyxyxccccccccccccccccyxyxyxoooooooooooyxyxyxyxrrrrrrryxyxyxyxyxyxyxyxyxyxyxiiiiiiiifffffffffyxyxyxyxyxyxyxyxyxyxyxyxyxyxyxyxyxyxyxxy:::::xyyxyxyxyxyxyxyxyxyxyxyxyxyxyxyxyxyxyxyxyxyxyxyxyxyxyxyxyxyxyxyxyxyxyxyxyxyxyxyxyxyxyxyxyx
yxyxyxyxyxyxyxyxyxyxyxyxyxyxyxyxyxyxyxyxyxyxyxyxyxyxyxyxyxyxyxyxyxyxyxyxyxyxyxyxyxyxyxyxyxyxyxyxyxyxddddddddyxyxyxyxyxyxyxyxyxyxyxyxyxyxyxyxyxyxyxyxyxyxyxyxyxyxyxyxyxyxyxyxyxyxyxyxyxyxyxyxyxyxyxyxyxyxyxyxyxyxyxyxxy:::::xyyxyxyxyxyxyxyxyxyxyxyxyxyxyxyxyxyxyxyxyxyxyxyxyxyxyxyxyxyxyxyxyxyxyxyxyxyxyxyxyxyxyxyxyxyx
yxyxyxyxyxyxyxyxCCCCCCCCCCCCCyxyxyxyxyxyxyxyxyxyxyxyxyxyxyxyxyxyxyxyxyxyxyxyxyxyxyxyxyxd::::::dyxyxyxyxyxyxyxyxyxyxyxyxyxyxyxyxyxyxyxyxyxyxyxyxyxyxyxyxyxyxyxyxyxyxyxyxyxyxyxyxyxyxyxyxyxyxyxyxyxyxyxxy:::::xyyxyxyxyxyxyxyxyxyxyxyxyxyxyxyxyxyxyxyxyxyxyxyxyxyxyxyxyxyxyxyxyxyxyxyxyxyxyxyxyxyxyxyxyxyxyx
yxyxyxyxyxCCC::::::::::::Cyxyxyxyxyxyxyxyxyxyxyxyxyxyxyxyxyxyxyxyxyxyxyxyxyxyxyxyxyxd::::::dyxyxyxyxyxyxyxyxyxyxyxyxyxyxyxyxyxyxyxyxyxyxyxyxyxyxyxyxyxyxyxyxyxyxyxyxyxyxyxyxyxyxyxyxyxyxyxyxyxyxxy:::::xyyxyxyxyxyxyxyxyxyxyxyxyxyxyxyxyxyxyxyxyxyxyxyxyxyxyxyxyxyxyxyxyxyxyxyxyxyxyxyxyxyxyxyxyxyxyxyx
yxyxyxCC:::::::::::::::Cyxyxyxyxyxyxyxyxyxyxyxyxyxyxyxyxyxyxyxyxyxyxyxyxyxyxyxyxyxd::::::dyxyxyxyxyxyxyxyxyxyxyxyxyxyxyxyxyxyxyxyxyxyxyxyxyxyxyxyxyxyxyxyxyxyxyxyxyxyxyxyxyxyxyxyxyxyxyxyxyxxy:::::xyyxyxyxyxyxyxyxyxyxyxyxyxyxyxyxyxyxyxyxyxyxyxyxyxyxyxyxyxyxyxyxyxyxyxyxyxyxyxyxyxyxyxyxyxyxyxyxyx
yxyxC:::::CCCCCCCC::::Cyxyxyxyxyxyxyxyxyxyxyxyxyxyxyxyxyxyxyxyxyxyxyxyxyxyxyxyxyxd:::::dyxyxyxyxyxyxyxyxyxyxyxyxyxyxyxyxyxyxyxyxyxyxyxyxyxyxyxyxyxyxyxyxyxyxyxyxyxyxyxyxyxyxyxyxyxyxyxyxyxxyxyxyxyxyxyxyyxyxyxyxyxyxyxyxyxyxyxyxyxyxyxyxyxyxyxyxyxyxyxyxyxyxyxyxyxyxyxyxyxyxyxyxyxyxyxyxyxyxyxyxyxyxyxyxyx
yxC:::::CyxyxyxyxyxyxyxCCCCCCyxyxyxoooooooooooyxyxyxyxyxyxyxddddddddd:::::dyxyxyxyxyxeeeeeeeeeeeeyxyxyxyxyxyxyxyxyxyxyxyxyxyxyxyxyxyxyxyxyxyxyxyxyxyxyxyxyxyxyxyxyxyxyxyxyxyxyxyxyxyxyxyxyxyxyxyxyxyxyxyxyxyxyxyxyxyxyxyxyxyxyxyxyxyxyxyxyxyxyxyxyxyxyxyxyxyxyxyxyxyxyxyxyxyxyxyx
C:::::Cyxyxyxyxyxyxyxyxyxyxyxyxyxyxyxoo:::::::::::ooyxyxyxdd::::::::::::::dyxyxyxee::::::::::::eeyxyxyxyxyxyxyxyxyxyxyxyxyxyxyxyxyxyxyxyxyxyxyxyxyxyxyxyxyxyxyxyxyxyxyxyxyxyxyxyxyxyxyxyxyxyxyxyxyxyxyxyxyxyxyxyxyxyxyxyxyxyxyxyxyxyxyxyxyxyxyxyxyxyxyxyxyxyxyxyxyxyxyxyxyxyx
C:::::Cyxyxyxyxyxyxyxyxyxyxyxyxyxyxo:::::::::::::::oyxd::::::::::::::::dyxyxe::::::eeeee:::::eeyxyxyxyxyxyxyxyxyxyxyxyxyxyxyxyxyxyxyxyxyxyxyxyxyxyxyxyxyxyxyxyxyxyxyxyxyxyxyxyxyxyxyxyxyxyxyxyxyxyxyxyxyxyxyxyxyxyxyxyxyxyxyxyxyxyxyxyxyxyxyxyxyxyxyxyxyxyxyxyxyxyxyxyx
C:::::Cyxyxyxyxyxyxyxyxyxyxyxyxyxyxo:::::ooooo:::::od:::::::ddddd:::::dyxe::::::eyxyxyxyxyxe:::::eyxyxyxyxyxyxyxyxyxyxyxyxyxyxyxyxyxyxyxyxyxyxyxyxyxyxyxyxyxyxyxyxyxyxyxyxyxyxyxyxyxyxyxyxyxyxyxyxyxyxyxyxyxyxyxyxyxyxyxyxyxyxyxyxyxyxyxyxyxyxyxyxyxyxyxyxyxyxyxyxyxyxyxyx
C:::::Cyxyxyxyxyxyxyxyxyxyxyxyxyxyxo::::oyxyxyxyxyxo::::od::::::dyxyxyxyxd:::::dyxe:::::::eeeee::::::eyxyxyxyxyxyxyxyxyxyxyxyxyxyxyxyxyxyxyxyxyxyxyxyxyxyxyxyxyxyxyxyxyxyxyxyxyxyxyxyxyxyxyxyxyxyxyxyxyxyxyxyxyxyxyxyxyxyxyxyxyxyxyxyxyxyxyxyxyxyxyxyxyxyxyxyxyxyxyxyxyxyxyxyx
C:::::Cyxyxyxyxyxyxyxyxyxyxyxyxyxyxo::::oyxyxyxyxyxo::::od:::::dyxyxyxyxyxd:::::dyxe:::::::::::::::::eyxyxyxyxyxyxyxyxyxyxyxyxyxyxyxyxyxyxyxyxyxyxyxyxyxyxyxyxyxyxyxyxyxyxyxyxyxyxyxyxyxyxyxyxyxyxyxyxyxyxyxyxyxyxyxyxyxyxyxyxyxyxyxyxyxyxyxyxyxyxyxyxyxyxyxyxyxyxyxyxyxyxyxyxyx
C:::::Cyxyxyxyxyxyxyxyxyxyxyxyxyxyxo::::oyxyxyxyxyxo::::od:::::dyxyxyxyxyxd:::::dyxe::::::eeeeeeeeeeeyxyxyxyxyxyxyxyxyxyxyxyxyxyxyxyxyxyxyxyxyxyxyxyxyxyxyxyxyxyxyxyxyxyxyxyxyxyxyxyxyxyxyxyxyxyxyxyxyxyxyxyxyxyxyxyxyxyxyxyxyxyxyxyxyxyxyxyxyxyxyxyxyxyxyxyxyxyxyxyxyxyxyxyxyxyx
yxC:::::CyxyxyxyxyxyxyxCCCCCCo::::oyxyxyxyxyxo::::od:::::dyxyxyxyxyxd:::::dyxe:::::::eyxyxyxyxyxyxyxyxyxyxyxyxyxyxyxyxyxyxyxyxyxyxyxyxyxyxyxyxyxyxyxyxyxyxyxyxyxyxyxyxyxyxyxyxyxyxyxyxyxyxyxyxyxyxyxyxyxyxyxyxyxyxyxyxyxyxyxyxyxyxyxyxyxyxyxyxyxyxyxyxyxyxyxyxyxyxyxyxyxyxyxyxyxyxyx
yxyxC:::::CCCCCCCC::::Co:::::ooooo:::::od::::::ddddd::::::dde::::::::eyxyxyxyxyxyxyxyxyxyxyxyxyxyxyxyxyxyxyxyxyxyxyxyxyxyxyxyxyxyxyxyxyxyxyxyxyxyxyxyxyxyxyxyxyxyxyxyxyxyxyxyxyxyxyxyxyxyxyxyxyxyxyxyxyxyxyxyxyxyxyxyxyxyxyxyxyxyxyxyxyxyxyxyxyxyxyxyxyxyxyxyxyxyx
yxyxyxCC:::::::::::::::Co:::::::::::::::oyxd:::::::::::::::::dyxe::::::::eeeeeeeeyxyxyxyxyxyxyxyxyxyxyxyxyxyxyxyxyxyxyxyxyxyxyxyxyxyxyxyxyxyxyxyxyxyxyxyxyxyxyxyxyxyxyxyxyxyxyxyxyxyxyxyxyxyxyxyxyxyxyxyxyxyxyxyxyxyxyxyxyxyxyxyxyxyxyxyxyxyxyxyxyxyxyxyxyxyx
yxyxyxyxyxCCC::::::::::::Cyxoo:::::::::::ooyxyxyxd:::::::::ddd::::dyxyxee:::::::::::::eyxyxyxyxyxyxyxyxyxyxyxyxyxyxyxyxyxyxyxyxyxyxyxyxyxyxyxyxyxyxyxyxyxyxyxyxyxyxyxyxyxyxyxyxyxyxyxyxyxyxyxyxyxyxyxyxyxyxyxyxyxyxyxyxyxyxyxyxyxyxyxyxyxyxyxyxyxyxyxyxyxyxyxyxyxyx
yxyxyxyxyxyxyxyxCCCCCCCCCCCCCyxyxyxoooooooooooyxyxyxyxyxyxdddddddddyxyxyxdddddyxyxyxyxeeeeeeeeeeeeeeyxyxyxyxyxyxyxyxyxyxyxyxyxyxyxyxyxyxyxyxyxyxyxyxyxyxyxyxyxyxyxyxyxyxyxyxyxyxyxyxyxyxyxyxyxyxyxyxyxyxyxyxyxyxyxyxyxyxyxyxyxyxyxyxyxyxyxyxyxyxyxyxyxyxyxyxyxyxyxyxyxyxyxyxyxyx
yxyxyxyxyxyxyxyxyxyxyxyxyxyxyxyxyxyxyxyxyxyxyxyxyxyxyxyxyxyxyxyxyxyxyxyxyxyxyxyxyxyxyxyxyxyxyxyxyxyxyxyxyxyxyxyxyxyxyxyxyxyxyxyxyxyxyxyxyxyxyxyxyxyxyxyxyxyxyxyxyxyxyxyxyxyxyxyxyxyxyxyxyxyxyxyxyxyxyxyxyxyxyxyxyxyxyxyxyxyxyxyxyxyxyxyxyxyxyxyxyxyxyxyxyxyxyxyxyxyxyxyxyxyxyxyxyxyxyxyxyxyxyxyxyxyxyxyxyxyxyxyxyxyxyxyxyxyxyxyxyxyx
yxyxyxyxyxyxyxyxyxyxyxyxyxyxyxyxyxyxyxyxyxyxyxyxyxyxyxyxyxyxyxyxyxyxyxyxyxyxyxyxyxyxyxyxyxyxyxyxyxyxyxyxyxyxyxyxyxyxyxyxyxyxyxyxyxyxyxyxyxyxyxyxyxyxyxyxyxyxyxyxyxyxyxyxyxyxyxyxyxyxyxyxyxyxyxyxyxyxyxyxyxyxyxyxyxyxyxyxyxyxyxyxyxyxyxyxyxyxyxyxyxyxyxyxyxyxyxyxyxyxyxyxyxyxyxyxyxyxyxyxyxyxyxyxyxyxyxyxyxyxyxyxyxyxyxyxyxyxyxyxyxyx
yxyxyxyxyxyxyxyxyxyxyxyxyxyxyxyxyxyxyxyxyxyxyxyxyxyxyxyxyxyxyxyxyxyxyxyxyxyxyxyxyxyxyxyxyxyxyxyxyxyxyxyxyxyxyxyxyxyxyxyxyxyxyxyxyxyxyxyxyxyxyxyxyxyxyxyxyxyxyxyxyxyxyxyxyxyxyxyxyxyxyxyxyxyxyxyxyxyxyxyxyxyxyxyxyxyxyxyxyxyxyxyxyxyxyxyxyxyxyxyxyxyxyxyxyxyxyxyxyxyxyxyxyxyxyxyxyxyxyxyxyxyxyxyxyxyxyxyxyxyxyxyxyxyxyxyxyxyxyxyxyxyx
yxyxyxyxyxyxyxyxyxyxyxyxyxyxyxyxyxyxyxyxyxyxyxyxyxyxyxyxyxyxyxyxyxyxyxyxyxyxyxyxyxyxyxyxyxyxyxyxyxyxyxyxyxyxyxyxyxyxyxyxyxyxyxyxyxyxyxyxyxyxyxyxyxyxyxyxyxyxyxyxyxyxyxyxyxyxyxyxyxyxyxyxyxyxyxyxyxyxyxyxyxyxyxyxyxyxyxyxyxyxyxyxyxyxyxyxyxyxyxyxyxyxyxyxyxyxyxyxyxyxyxyxyxyxyxyxyxyxyxyxyxyxyxyxyxyxyxyxyxyxyxyxyxyxyxyxyxyxyxyxyxyx
yxyxyxyxyxyxyxyxyxyxyxyxyxyxyxyxyxyxyxyxyxyxyxyxyxyxyxyxyxyxyxyxyxyxyxyxyxyxyxyxyxyxyxyxyxyxyxyxyxyxyxyxyxyxyxyxyxyxyxyxyxyxyxyxyxyxyxyxyxyxyxyxyxyxyxyxyxyxyxyxyxyxyxyxyxyxyxyxyxyxyxyxyxyxyxyxyxyxyxyxyxyxyxyxyxyxyxyxyxyxyxyxyxyxyxyxyxyxyxyxyxyxyxyxyxyxyxyxyxyxyxyxyxyxyxyxyxyxyxyxyxyxyxyxyxyxyxyxyxyxyxyxyxyxyxyxyxyxyxyxyxyx
yxyxyxyxyxyxyxyxyxyxyxyxyxyxyxyxyxyxyxyxyxyxyxyxyxyxyxyxyxyxyxyxyxyxyxyxyxyxyxyxyxyxyxyxyxyxyxyxyxyxyxyxyxyxyxyxyxyxyxyxyxyxyxyxyxyxyxyxyxyxyxyxyxyxyxyxyxyxyxyxyxyxyxyxyxyxyxyxyxyxyxyxyxyxyxyxyxyxyxyxyxyxyxyxyxyxyxyxyxyxyxyxyxyxyxyxyxyxyxyxyxyxyxyxyxyxyxyxyxyxyxyxyxyxyxyxyxyxyxyxyxyxyxyxyxyxyxyxyxyxyxyxyxyxyxyxyxyxyxyxyxyx
yxyxyxyxyxyxyxyxyxyxyxyxyxyxyxyxyxyxyxyxyxyxyxyxyxyxyxyxyxyxyxyxyxyxyxyxyxyxyxyxyxyxyxyxyxyxyxyxyxyxyxyxyxyxyxyxyxyxyxyxyxyxyxyxyxyxyxyxyxyxyxyxyxyxyxyxyxyxyxyxyxyxyxyxyxyxyxyxyxyxyxyxyxyxyxyxyxyxyxyxyxyxyxyxyxyxyxyxyxyxyxyxyxyxyxyxyxyxyxyxyxyxyxyxyxyxyxyxyxyxyxyxyxyxyxyxyxyxyxyxyxyxyxyxyxyxyxyxyxyxyxyxyxyxyxyxyxyxyxyxyxyx
xyyxxyyxxyyxxyyxxyyxxyyxxyyxxyyxxyyxxyyxxyyxxyyxxyyxxyyx
yxxyyxxyyxxyyxxyyxxyyxxyyxxyyxxyyxxyyxxy
