208.498168
34.594254
55.393006
179.504875
31.907819
133.143632
impossible
impossible
impossible
672.046925
impossible
impossible
3.547079
impossible
17.789425
2300.341500
171.792362
4.125198
impossible
13.668952
impossible
64.506273
impossible
impossible
91.986074
impossible
impossible
impossible
306.996309
impossible
99.343557
impossible
3536.444750
impossible
14.699859
impossible
impossible
63.400056
impossible
229.096520
7653.531625
2227.137123
2.155263
4.625478
64.454598
362.469952
impossible
30.009064
impossible
impossible
9.072579
354.773700
0.599530
impossible
impossible
1.045750
impossible
4.592965
9.610970
470.108628
27.574425
90.674537
36.698506
impossible
75.657422
26.611167
impossible
4.322634
4.300285
impossible
58.340225
27.799688
258.256500
31.687929
impossible
19.618230
84045700.656250
15.806025
1.748052
49.106628
impossible
43.373247
10.033215
impossible
118.604108
819.207080
83.011940
57.218663
impossible
impossible
impossible
0.171920
3.757280
impossible
80.482585
4283.656431
43.502157
230.795321
impossible
184.173025
